2021-12-20 23:42:37.320  INFO [DEPARTMENT-SERVICE,,,] 4764 --- [main] c.c.c.ConfigServicePropertySourceLocator : Fetching config from server at : http://localhost:9296
2021-12-20 23:42:38.459  INFO [DEPARTMENT-SERVICE,,,] 4764 --- [main] c.c.c.ConfigServicePropertySourceLocator : Located environment: name=DEPARTMENT-SERVICE, profiles=[default], label=null, version=857390b712230583684920d9f0990d885e00d5f7, state=null
2021-12-20 23:42:38.464  INFO [DEPARTMENT-SERVICE,,,] 4764 --- [main] b.c.PropertySourceBootstrapConfiguration : Located property source: [BootstrapPropertySource {name='bootstrapProperties-configClient'}, BootstrapPropertySource {name='bootstrapProperties-https://github.com/foundationgroup/cloud-config-repo/application.yml'}]
2021-12-20 23:42:38.559  INFO [DEPARTMENT-SERVICE,,,] 4764 --- [main] c.t.d.DepartmentServiceApplication       : No active profile set, falling back to default profiles: default
2021-12-20 23:42:40.162  INFO [DEPARTMENT-SERVICE,,,] 4764 --- [main] .s.d.r.c.RepositoryConfigurationDelegate : Bootstrapping Spring Data JPA repositories in DEFERRED mode.
2021-12-20 23:42:40.475  INFO [DEPARTMENT-SERVICE,,,] 4764 --- [main] .s.d.r.c.RepositoryConfigurationDelegate : Finished Spring Data repository scanning in 295ms. Found 1 JPA repository interfaces.
2021-12-20 23:42:40.673  WARN [DEPARTMENT-SERVICE,,,] 4764 --- [main] o.s.boot.actuate.endpoint.EndpointId     : Endpoint ID 'service-registry' contains invalid characters, please migrate to a valid format.
2021-12-20 23:42:40.676  INFO [USER-SERVICE,,,] 20244 --- [main] c.c.c.ConfigServicePropertySourceLocator : Fetching config from server at : http://localhost:9296
2021-12-20 23:42:41.129  INFO [DEPARTMENT-SERVICE,,,] 4764 --- [main] o.s.cloud.context.scope.GenericScope     : BeanFactory id=3306512a-5938-392d-9d36-90a8518f4ac0
2021-12-20 23:42:41.556  INFO [USER-SERVICE,,,] 20244 --- [main] c.c.c.ConfigServicePropertySourceLocator : Located environment: name=USER-SERVICE, profiles=[default], label=null, version=857390b712230583684920d9f0990d885e00d5f7, state=null
2021-12-20 23:42:41.558  INFO [USER-SERVICE,,,] 20244 --- [main] b.c.PropertySourceBootstrapConfiguration : Located property source: [BootstrapPropertySource {name='bootstrapProperties-configClient'}, BootstrapPropertySource {name='bootstrapProperties-https://github.com/foundationgroup/cloud-config-repo/application.yml'}]
2021-12-20 23:42:41.620  INFO [USER-SERVICE,,,] 20244 --- [main] com.tkp.user.UserServiceApplication      : No active profile set, falling back to default profiles: default
2021-12-20 23:42:42.599  INFO [DEPARTMENT-SERVICE,,,] 4764 --- [main] o.s.b.w.embedded.tomcat.TomcatWebServer  : Tomcat initialized with port(s): 9001 (http)
2021-12-20 23:42:42.618  INFO [DEPARTMENT-SERVICE,,,] 4764 --- [main] o.apache.catalina.core.StandardService   : Starting service [Tomcat]
2021-12-20 23:42:42.619  INFO [DEPARTMENT-SERVICE,,,] 4764 --- [main] org.apache.catalina.core.StandardEngine  : Starting Servlet engine: [Apache Tomcat/9.0.38]
2021-12-20 23:42:42.969  INFO [USER-SERVICE,,,] 20244 --- [main] .s.d.r.c.RepositoryConfigurationDelegate : Bootstrapping Spring Data JPA repositories in DEFERRED mode.
2021-12-20 23:42:43.286  INFO [USER-SERVICE,,,] 20244 --- [main] .s.d.r.c.RepositoryConfigurationDelegate : Finished Spring Data repository scanning in 302ms. Found 1 JPA repository interfaces.
2021-12-20 23:42:43.452  INFO [DEPARTMENT-SERVICE,,,] 4764 --- [main] o.a.c.c.C.[Tomcat].[localhost].[/]       : Initializing Spring embedded WebApplicationContext
2021-12-20 23:42:43.453  INFO [DEPARTMENT-SERVICE,,,] 4764 --- [main] w.s.c.ServletWebServerApplicationContext : Root WebApplicationContext: initialization completed in 4857 ms
2021-12-20 23:42:43.460  WARN [USER-SERVICE,,,] 20244 --- [main] o.s.boot.actuate.endpoint.EndpointId     : Endpoint ID 'service-registry' contains invalid characters, please migrate to a valid format.
2021-12-20 23:42:43.634  INFO [order-service,,,] 2748 --- [main] c.c.c.ConfigServicePropertySourceLocator : Fetching config from server at : http://localhost:9296
2021-12-20 23:42:43.802  WARN [DEPARTMENT-SERVICE,,,] 4764 --- [main] c.n.c.sources.URLConfigurationSource     : No URLs will be polled as dynamic configuration sources.
2021-12-20 23:42:43.803  INFO [DEPARTMENT-SERVICE,,,] 4764 --- [main] c.n.c.sources.URLConfigurationSource     : To enable URLs as dynamic configuration sources, define System property archaius.configurationSource.additionalUrls or make config.properties available on classpath.
2021-12-20 23:42:43.834  INFO [DEPARTMENT-SERVICE,,,] 4764 --- [main] c.netflix.config.DynamicPropertyFactory  : DynamicPropertyFactory is initialized with configuration sources: com.netflix.config.ConcurrentCompositeConfiguration@2a0b901c
2021-12-20 23:42:44.020  INFO [DEPARTMENT-SERVICE,,,] 4764 --- [main] com.zaxxer.hikari.HikariDataSource       : HikariPool-1 - Starting...
2021-12-20 23:42:44.079  INFO [USER-SERVICE,,,] 20244 --- [main] o.s.cloud.context.scope.GenericScope     : BeanFactory id=cbc8763b-087e-30c1-af71-79dde2597afe
2021-12-20 23:42:44.410  INFO [DEPARTMENT-SERVICE,,,] 4764 --- [main] com.zaxxer.hikari.HikariDataSource       : HikariPool-1 - Start completed.
2021-12-20 23:42:44.421  INFO [DEPARTMENT-SERVICE,,,] 4764 --- [main] o.s.b.a.h2.H2ConsoleAutoConfiguration    : H2 console available at '/h2-console'. Database available at 'jdbc:h2:mem:testdb'
2021-12-20 23:42:44.697  INFO [order-service,,,] 2748 --- [main] c.c.c.ConfigServicePropertySourceLocator : Located environment: name=order-service, profiles=[default], label=null, version=857390b712230583684920d9f0990d885e00d5f7, state=null
2021-12-20 23:42:44.700  INFO [order-service,,,] 2748 --- [main] b.c.PropertySourceBootstrapConfiguration : Located property source: [BootstrapPropertySource {name='bootstrapProperties-configClient'}, BootstrapPropertySource {name='bootstrapProperties-https://github.com/foundationgroup/cloud-config-repo/application.yml'}]
2021-12-20 23:42:44.776  INFO [order-service,,,] 2748 --- [main] com.tkp.api.OrderServiceApplication      : No active profile set, falling back to default profiles: default
2021-12-20 23:42:45.665  WARN [DEPARTMENT-SERVICE,,,] 4764 --- [main] o.s.c.s.zipkin2.ZipkinAutoConfiguration  : Check result of the [RestTemplateSender{http://127.0.0.1:9411/api/v2/spans}] contains an error [CheckResult{ok=false, error=org.springframework.web.client.ResourceAccessException: I/O error on POST request for "http://127.0.0.1:9411/api/v2/spans": connect timed out; nested exception is java.net.SocketTimeoutException: connect timed out}]
2021-12-20 23:42:45.860  INFO [USER-SERVICE,,,] 20244 --- [main] o.s.b.w.embedded.tomcat.TomcatWebServer  : Tomcat initialized with port(s): 9002 (http)
2021-12-20 23:42:45.882  INFO [USER-SERVICE,,,] 20244 --- [main] o.apache.catalina.core.StandardService   : Starting service [Tomcat]
2021-12-20 23:42:45.883  INFO [USER-SERVICE,,,] 20244 --- [main] org.apache.catalina.core.StandardEngine  : Starting Servlet engine: [Apache Tomcat/9.0.38]
2021-12-20 23:42:46.212  INFO [order-service,,,] 2748 --- [main] .s.d.r.c.RepositoryConfigurationDelegate : Bootstrapping Spring Data JPA repositories in DEFERRED mode.
2021-12-20 23:42:46.583  INFO [order-service,,,] 2748 --- [main] .s.d.r.c.RepositoryConfigurationDelegate : Finished Spring Data repository scanning in 357ms. Found 1 JPA repository interfaces.
2021-12-20 23:42:47.166  INFO [USER-SERVICE,,,] 20244 --- [main] o.a.c.c.C.[Tomcat].[localhost].[/]       : Initializing Spring embedded WebApplicationContext
2021-12-20 23:42:47.167  INFO [USER-SERVICE,,,] 20244 --- [main] w.s.c.ServletWebServerApplicationContext : Root WebApplicationContext: initialization completed in 5523 ms
2021-12-20 23:42:47.260  INFO [order-service,,,] 2748 --- [main] o.s.cloud.context.scope.GenericScope     : BeanFactory id=309bf13d-c7fd-3f10-a374-abbb949acbe2
2021-12-20 23:42:47.340  INFO [DEPARTMENT-SERVICE,,,] 4764 --- [main] o.s.s.concurrent.ThreadPoolTaskExecutor  : Initializing ExecutorService 'applicationTaskExecutor'
2021-12-20 23:42:47.601  WARN [USER-SERVICE,,,] 20244 --- [main] c.n.c.sources.URLConfigurationSource     : No URLs will be polled as dynamic configuration sources.
2021-12-20 23:42:47.601  INFO [USER-SERVICE,,,] 20244 --- [main] c.n.c.sources.URLConfigurationSource     : To enable URLs as dynamic configuration sources, define System property archaius.configurationSource.additionalUrls or make config.properties available on classpath.
2021-12-20 23:42:47.624  INFO [DEPARTMENT-SERVICE,,,] 4764 --- [task-1] o.hibernate.jpa.internal.util.LogHelper  : HHH000204: Processing PersistenceUnitInfo [name: default]
2021-12-20 23:42:47.634  INFO [USER-SERVICE,,,] 20244 --- [main] c.netflix.config.DynamicPropertyFactory  : DynamicPropertyFactory is initialized with configuration sources: com.netflix.config.ConcurrentCompositeConfiguration@65da01f4
2021-12-20 23:42:47.669  WARN [DEPARTMENT-SERVICE,,,] 4764 --- [main] c.n.c.sources.URLConfigurationSource     : No URLs will be polled as dynamic configuration sources.
2021-12-20 23:42:47.669  INFO [DEPARTMENT-SERVICE,,,] 4764 --- [main] c.n.c.sources.URLConfigurationSource     : To enable URLs as dynamic configuration sources, define System property archaius.configurationSource.additionalUrls or make config.properties available on classpath.
2021-12-20 23:42:47.783  INFO [DEPARTMENT-SERVICE,,,] 4764 --- [task-1] org.hibernate.Version                    : HHH000412: Hibernate ORM core version 5.4.21.Final
2021-12-20 23:42:48.001  INFO [USER-SERVICE,,,] 20244 --- [main] com.zaxxer.hikari.HikariDataSource       : HikariPool-1 - Starting...
2021-12-20 23:42:48.045  INFO [DEPARTMENT-SERVICE,,,] 4764 --- [task-1] o.hibernate.annotations.common.Version   : HCANN000001: Hibernate Commons Annotations {5.1.0.Final}
2021-12-20 23:42:48.314  WARN [DEPARTMENT-SERVICE,,,] 4764 --- [main] JpaBaseConfiguration$JpaWebConfiguration : spring.jpa.open-in-view is enabled by default. Therefore, database queries may be performed during view rendering. Explicitly configure spring.jpa.open-in-view to disable this warning
2021-12-20 23:42:48.519  INFO [DEPARTMENT-SERVICE,,,] 4764 --- [task-1] org.hibernate.dialect.Dialect            : HHH000400: Using dialect: org.hibernate.dialect.H2Dialect
2021-12-20 23:42:48.684  INFO [USER-SERVICE,,,] 20244 --- [main] com.zaxxer.hikari.HikariDataSource       : HikariPool-1 - Start completed.
2021-12-20 23:42:48.697  INFO [USER-SERVICE,,,] 20244 --- [main] o.s.b.a.h2.H2ConsoleAutoConfiguration    : H2 console available at '/h2-console'. Database available at 'jdbc:h2:mem:testdb'
2021-12-20 23:42:50.320  WARN [USER-SERVICE,,,] 20244 --- [main] o.s.c.s.zipkin2.ZipkinAutoConfiguration  : Check result of the [RestTemplateSender{http://127.0.0.1:9411/api/v2/spans}] contains an error [CheckResult{ok=false, error=org.springframework.web.client.ResourceAccessException: I/O error on POST request for "http://127.0.0.1:9411/api/v2/spans": connect timed out; nested exception is java.net.SocketTimeoutException: connect timed out}]
2021-12-20 23:42:50.506  INFO [DEPARTMENT-SERVICE,,,] 4764 --- [task-1] o.h.e.t.j.p.i.JtaPlatformInitiator       : HHH000490: Using JtaPlatform implementation: [org.hibernate.engine.transaction.jta.platform.internal.NoJtaPlatform]
2021-12-20 23:42:50.520  INFO [DEPARTMENT-SERVICE,,,] 4764 --- [task-1] j.LocalContainerEntityManagerFactoryBean : Initialized JPA EntityManagerFactory for persistence unit 'default'
2021-12-20 23:42:50.732  INFO [order-service,,,] 2748 --- [main] o.s.b.w.embedded.tomcat.TomcatWebServer  : Tomcat initialized with port(s): 9004 (http)
2021-12-20 23:42:50.753  INFO [order-service,,,] 2748 --- [main] o.apache.catalina.core.StandardService   : Starting service [Tomcat]
2021-12-20 23:42:50.754  INFO [order-service,,,] 2748 --- [main] org.apache.catalina.core.StandardEngine  : Starting Servlet engine: [Apache Tomcat/9.0.38]
2021-12-20 23:42:50.902  INFO [payment-service,,,] 3032 --- [main] c.c.c.ConfigServicePropertySourceLocator : Fetching config from server at : http://localhost:9296
2021-12-20 23:42:51.514  INFO [DEPARTMENT-SERVICE,,,] 4764 --- [main] DiscoveryClientOptionalArgsConfiguration : Eureka HTTP Client uses Jersey
2021-12-20 23:42:51.650  WARN [DEPARTMENT-SERVICE,,,] 4764 --- [main] ockingLoadBalancerClientRibbonWarnLogger : You already have RibbonLoadBalancerClient on your classpath. It will be used by default. As Spring Cloud Ribbon is in maintenance mode. We recommend switching to BlockingLoadBalancerClient instead. In order to use it, set the value of `spring.cloud.loadbalancer.ribbon.enabled` to `false` or remove spring-cloud-starter-netflix-ribbon from your project.
2021-12-20 23:42:51.875  INFO [USER-SERVICE,,,] 20244 --- [main] o.s.s.concurrent.ThreadPoolTaskExecutor  : Initializing ExecutorService 'applicationTaskExecutor'
2021-12-20 23:42:52.089  INFO [USER-SERVICE,,,] 20244 --- [task-1] o.hibernate.jpa.internal.util.LogHelper  : HHH000204: Processing PersistenceUnitInfo [name: default]
2021-12-20 23:42:52.137  WARN [USER-SERVICE,,,] 20244 --- [main] c.n.c.sources.URLConfigurationSource     : No URLs will be polled as dynamic configuration sources.
2021-12-20 23:42:52.137  INFO [USER-SERVICE,,,] 20244 --- [main] c.n.c.sources.URLConfigurationSource     : To enable URLs as dynamic configuration sources, define System property archaius.configurationSource.additionalUrls or make config.properties available on classpath.
2021-12-20 23:42:52.205  INFO [USER-SERVICE,,,] 20244 --- [task-1] org.hibernate.Version                    : HHH000412: Hibernate ORM core version 5.4.21.Final
2021-12-20 23:42:52.279  INFO [payment-service,,,] 3032 --- [main] c.c.c.ConfigServicePropertySourceLocator : Located environment: name=payment-service, profiles=[default], label=null, version=857390b712230583684920d9f0990d885e00d5f7, state=null
2021-12-20 23:42:52.282  INFO [payment-service,,,] 3032 --- [main] b.c.PropertySourceBootstrapConfiguration : Located property source: [BootstrapPropertySource {name='bootstrapProperties-configClient'}, BootstrapPropertySource {name='bootstrapProperties-https://github.com/foundationgroup/cloud-config-repo/application.yml'}]
2021-12-20 23:42:52.306  WARN [USER-SERVICE,,,] 20244 --- [main] JpaBaseConfiguration$JpaWebConfiguration : spring.jpa.open-in-view is enabled by default. Therefore, database queries may be performed during view rendering. Explicitly configure spring.jpa.open-in-view to disable this warning
2021-12-20 23:42:52.348  INFO [payment-service,,,] 3032 --- [main] com.tkp.api.PaymentServiceApplication    : No active profile set, falling back to default profiles: default
2021-12-20 23:42:52.538  INFO [USER-SERVICE,,,] 20244 --- [task-1] o.hibernate.annotations.common.Version   : HCANN000001: Hibernate Commons Annotations {5.1.0.Final}
2021-12-20 23:42:52.820  INFO [DEPARTMENT-SERVICE,,,] 4764 --- [main] o.s.b.a.e.web.EndpointLinksResolver      : Exposing 2 endpoint(s) beneath base path '/actuator'
2021-12-20 23:42:52.872  INFO [USER-SERVICE,,,] 20244 --- [task-1] org.hibernate.dialect.Dialect            : HHH000400: Using dialect: org.hibernate.dialect.H2Dialect
2021-12-20 23:42:52.936  INFO [DEPARTMENT-SERVICE,,,] 4764 --- [main] o.s.c.n.eureka.InstanceInfoFactory       : Setting initial instance status as: STARTING
2021-12-20 23:42:53.077  INFO [DEPARTMENT-SERVICE,,,] 4764 --- [main] com.netflix.discovery.DiscoveryClient    : Initializing Eureka in region us-east-1
2021-12-20 23:42:53.408  INFO [order-service,,,] 2748 --- [main] o.a.c.c.C.[Tomcat].[localhost].[/]       : Initializing Spring embedded WebApplicationContext
2021-12-20 23:42:53.409  INFO [order-service,,,] 2748 --- [main] w.s.c.ServletWebServerApplicationContext : Root WebApplicationContext: initialization completed in 8608 ms
2021-12-20 23:42:53.580  INFO [order-service,,,] 2748 --- [main] com.zaxxer.hikari.HikariDataSource       : HikariPool-1 - Starting...
2021-12-20 23:42:53.658  INFO [payment-service,,,] 3032 --- [main] .s.d.r.c.RepositoryConfigurationDelegate : Bootstrapping Spring Data JPA repositories in DEFERRED mode.
2021-12-20 23:42:54.033  INFO [payment-service,,,] 3032 --- [main] .s.d.r.c.RepositoryConfigurationDelegate : Finished Spring Data repository scanning in 355ms. Found 1 JPA repository interfaces.
2021-12-20 23:42:54.149  INFO [order-service,,,] 2748 --- [main] com.zaxxer.hikari.HikariDataSource       : HikariPool-1 - Start completed.
2021-12-20 23:42:54.168  INFO [order-service,,,] 2748 --- [main] o.s.b.a.h2.H2ConsoleAutoConfiguration    : H2 console available at '/h2-console'. Database available at 'jdbc:h2:mem:4a7f8c2d-bb77-42b6-9e50-656b8f5be936'
2021-12-20 23:42:54.753  INFO [USER-SERVICE,,,] 20244 --- [task-1] o.h.e.t.j.p.i.JtaPlatformInitiator       : HHH000490: Using JtaPlatform implementation: [org.hibernate.engine.transaction.jta.platform.internal.NoJtaPlatform]
2021-12-20 23:42:54.765  INFO [USER-SERVICE,,,] 20244 --- [task-1] j.LocalContainerEntityManagerFactoryBean : Initialized JPA EntityManagerFactory for persistence unit 'default'
2021-12-20 23:42:55.014  INFO [payment-service,,,] 3032 --- [main] o.s.cloud.context.scope.GenericScope     : BeanFactory id=9af020fb-0cea-374e-83f1-5775c0b0dacd
2021-12-20 23:42:55.143  INFO [DEPARTMENT-SERVICE,,,] 4764 --- [main] c.n.d.provider.DiscoveryJerseyProvider   : Using JSON encoding codec LegacyJacksonJson
2021-12-20 23:42:55.144  INFO [DEPARTMENT-SERVICE,,,] 4764 --- [main] c.n.d.provider.DiscoveryJerseyProvider   : Using JSON decoding codec LegacyJacksonJson
2021-12-20 23:42:55.496  INFO [DEPARTMENT-SERVICE,,,] 4764 --- [main] c.n.d.provider.DiscoveryJerseyProvider   : Using XML encoding codec XStreamXml
2021-12-20 23:42:55.496  INFO [DEPARTMENT-SERVICE,,,] 4764 --- [main] c.n.d.provider.DiscoveryJerseyProvider   : Using XML decoding codec XStreamXml
2021-12-20 23:42:55.511  WARN [order-service,,,] 2748 --- [main] o.s.c.s.zipkin2.ZipkinAutoConfiguration  : Check result of the [RestTemplateSender{http://localhost:9411/api/v2/spans}] contains an error [CheckResult{ok=false, error=org.springframework.web.client.ResourceAccessException: I/O error on POST request for "http://localhost:9411/api/v2/spans": connect timed out; nested exception is java.net.SocketTimeoutException: connect timed out}]
2021-12-20 23:42:56.049  INFO [order-service,,,] 2748 --- [main] o.s.s.concurrent.ThreadPoolTaskExecutor  : Initializing ExecutorService 'applicationTaskExecutor'
2021-12-20 23:42:56.072  INFO [DEPARTMENT-SERVICE,,,] 4764 --- [main] c.n.d.s.r.aws.ConfigClusterResolver      : Resolving eureka endpoints via configuration
2021-12-20 23:42:56.372  INFO [order-service,,,] 2748 --- [task-1] o.hibernate.jpa.internal.util.LogHelper  : HHH000204: Processing PersistenceUnitInfo [name: default]
2021-12-20 23:42:56.548  WARN [order-service,,,] 2748 --- [main] c.n.c.sources.URLConfigurationSource     : No URLs will be polled as dynamic configuration sources.
2021-12-20 23:42:56.549  INFO [order-service,,,] 2748 --- [main] c.n.c.sources.URLConfigurationSource     : To enable URLs as dynamic configuration sources, define System property archaius.configurationSource.additionalUrls or make config.properties available on classpath.
2021-12-20 23:42:56.567  WARN [order-service,,,] 2748 --- [main] c.n.c.sources.URLConfigurationSource     : No URLs will be polled as dynamic configuration sources.
2021-12-20 23:42:56.567  INFO [order-service,,,] 2748 --- [main] c.n.c.sources.URLConfigurationSource     : To enable URLs as dynamic configuration sources, define System property archaius.configurationSource.additionalUrls or make config.properties available on classpath.
2021-12-20 23:42:56.598  INFO [order-service,,,] 2748 --- [task-1] org.hibernate.Version                    : HHH000412: Hibernate ORM core version 5.4.21.Final
2021-12-20 23:42:56.680  INFO [USER-SERVICE,,,] 20244 --- [main] DiscoveryClientOptionalArgsConfiguration : Eureka HTTP Client uses Jersey
2021-12-20 23:42:56.811  WARN [USER-SERVICE,,,] 20244 --- [main] ockingLoadBalancerClientRibbonWarnLogger : You already have RibbonLoadBalancerClient on your classpath. It will be used by default. As Spring Cloud Ribbon is in maintenance mode. We recommend switching to BlockingLoadBalancerClient instead. In order to use it, set the value of `spring.cloud.loadbalancer.ribbon.enabled` to `false` or remove spring-cloud-starter-netflix-ribbon from your project.
2021-12-20 23:42:57.329  WARN [order-service,,,] 2748 --- [main] JpaBaseConfiguration$JpaWebConfiguration : spring.jpa.open-in-view is enabled by default. Therefore, database queries may be performed during view rendering. Explicitly configure spring.jpa.open-in-view to disable this warning
2021-12-20 23:42:57.410  INFO [order-service,,,] 2748 --- [task-1] o.hibernate.annotations.common.Version   : HCANN000001: Hibernate Commons Annotations {5.1.0.Final}
2021-12-20 23:42:57.568  INFO [DEPARTMENT-SERVICE,,,] 4764 --- [main] com.netflix.discovery.DiscoveryClient    : Disable delta property : false
2021-12-20 23:42:57.568  INFO [DEPARTMENT-SERVICE,,,] 4764 --- [main] com.netflix.discovery.DiscoveryClient    : Single vip registry refresh property : null
2021-12-20 23:42:57.568  INFO [DEPARTMENT-SERVICE,,,] 4764 --- [main] com.netflix.discovery.DiscoveryClient    : Force full registry fetch : false
2021-12-20 23:42:57.569  INFO [DEPARTMENT-SERVICE,,,] 4764 --- [main] com.netflix.discovery.DiscoveryClient    : Application is null : false
2021-12-20 23:42:57.569  INFO [DEPARTMENT-SERVICE,,,] 4764 --- [main] com.netflix.discovery.DiscoveryClient    : Registered Applications size is zero : true
2021-12-20 23:42:57.569  INFO [DEPARTMENT-SERVICE,,,] 4764 --- [main] com.netflix.discovery.DiscoveryClient    : Application version is -1: true
2021-12-20 23:42:57.569  INFO [DEPARTMENT-SERVICE,,,] 4764 --- [main] com.netflix.discovery.DiscoveryClient    : Getting all instance registry info from the eureka server
2021-12-20 23:42:57.660  INFO [order-service,,,] 2748 --- [task-1] org.hibernate.dialect.Dialect            : HHH000400: Using dialect: org.hibernate.dialect.H2Dialect
2021-12-20 23:42:57.899  INFO [DEPARTMENT-SERVICE,,,] 4764 --- [main] com.netflix.discovery.DiscoveryClient    : The response status is 200
2021-12-20 23:42:57.903  INFO [DEPARTMENT-SERVICE,,,] 4764 --- [main] com.netflix.discovery.DiscoveryClient    : Starting heartbeat executor: renew interval is: 30
2021-12-20 23:42:57.906  INFO [DEPARTMENT-SERVICE,,,] 4764 --- [main] c.n.discovery.InstanceInfoReplicator     : InstanceInfoReplicator onDemand update allowed rate per min is 4
2021-12-20 23:42:57.912  INFO [DEPARTMENT-SERVICE,,,] 4764 --- [main] com.netflix.discovery.DiscoveryClient    : Discovery Client initialized at timestamp 1640065377910 with initial instances count: 1
2021-12-20 23:42:57.930  INFO [DEPARTMENT-SERVICE,,,] 4764 --- [main] o.s.c.n.e.s.EurekaServiceRegistry        : Registering application DEPARTMENT-SERVICE with eureka with status UP
2021-12-20 23:42:57.932  INFO [DEPARTMENT-SERVICE,,,] 4764 --- [main] com.netflix.discovery.DiscoveryClient    : Saw local status change event StatusChangeEvent [timestamp=1640065377932, current=UP, previous=STARTING]
2021-12-20 23:42:57.942  INFO [DEPARTMENT-SERVICE,,,] 4764 --- [DiscoveryClient-InstanceInfoReplicator-0] com.netflix.discovery.DiscoveryClient    : DiscoveryClient_DEPARTMENT-SERVICE/192.168.0.13:DEPARTMENT-SERVICE:9001: registering service...
2021-12-20 23:42:57.978  INFO [payment-service,,,] 3032 --- [main] o.s.b.w.embedded.tomcat.TomcatWebServer  : Tomcat initialized with port(s): 9003 (http)
2021-12-20 23:42:57.998  INFO [payment-service,,,] 3032 --- [main] o.apache.catalina.core.StandardService   : Starting service [Tomcat]
2021-12-20 23:42:57.998  INFO [payment-service,,,] 3032 --- [main] org.apache.catalina.core.StandardEngine  : Starting Servlet engine: [Apache Tomcat/9.0.38]
2021-12-20 23:42:58.037  INFO [DEPARTMENT-SERVICE,,,] 4764 --- [main] o.s.b.w.embedded.tomcat.TomcatWebServer  : Tomcat started on port(s): 9001 (http) with context path ''
2021-12-20 23:42:58.051  INFO [DEPARTMENT-SERVICE,,,] 4764 --- [main] .s.c.n.e.s.EurekaAutoServiceRegistration : Updating port to 9001
2021-12-20 23:42:58.148  INFO [DEPARTMENT-SERVICE,,,] 4764 --- [DiscoveryClient-InstanceInfoReplicator-0] com.netflix.discovery.DiscoveryClient    : DiscoveryClient_DEPARTMENT-SERVICE/192.168.0.13:DEPARTMENT-SERVICE:9001 - registration status: 204
2021-12-20 23:42:58.429  INFO [USER-SERVICE,,,] 20244 --- [main] o.s.b.a.e.web.EndpointLinksResolver      : Exposing 2 endpoint(s) beneath base path '/actuator'
2021-12-20 23:42:58.535  INFO [USER-SERVICE,,,] 20244 --- [main] o.s.c.n.eureka.InstanceInfoFactory       : Setting initial instance status as: STARTING
2021-12-20 23:42:58.677  INFO [USER-SERVICE,,,] 20244 --- [main] com.netflix.discovery.DiscoveryClient    : Initializing Eureka in region us-east-1
2021-12-20 23:42:59.271  INFO [DEPARTMENT-SERVICE,,,] 4764 --- [main] DeferredRepositoryInitializationListener : Triggering deferred initialization of Spring Data repositories…
2021-12-20 23:42:59.303  INFO [order-service,,,] 2748 --- [task-1] o.h.e.t.j.p.i.JtaPlatformInitiator       : HHH000490: Using JtaPlatform implementation: [org.hibernate.engine.transaction.jta.platform.internal.NoJtaPlatform]
2021-12-20 23:42:59.316  INFO [order-service,,,] 2748 --- [task-1] j.LocalContainerEntityManagerFactoryBean : Initialized JPA EntityManagerFactory for persistence unit 'default'
2021-12-20 23:42:59.781  INFO [USER-SERVICE,,,] 20244 --- [main] c.n.d.provider.DiscoveryJerseyProvider   : Using JSON encoding codec LegacyJacksonJson
2021-12-20 23:42:59.781  INFO [USER-SERVICE,,,] 20244 --- [main] c.n.d.provider.DiscoveryJerseyProvider   : Using JSON decoding codec LegacyJacksonJson
2021-12-20 23:42:59.885  INFO [DEPARTMENT-SERVICE,,,] 4764 --- [main] DeferredRepositoryInitializationListener : Spring Data repositories initialized!
2021-12-20 23:42:59.921  INFO [DEPARTMENT-SERVICE,,,] 4764 --- [main] c.t.d.DepartmentServiceApplication       : Started DepartmentServiceApplication in 25.114 seconds (JVM running for 26.45)
2021-12-20 23:43:00.123  INFO [order-service,,,] 2748 --- [main] DiscoveryClientOptionalArgsConfiguration : Eureka HTTP Client uses Jersey
2021-12-20 23:43:00.134  INFO [USER-SERVICE,,,] 20244 --- [main] c.n.d.provider.DiscoveryJerseyProvider   : Using XML encoding codec XStreamXml
2021-12-20 23:43:00.134  INFO [USER-SERVICE,,,] 20244 --- [main] c.n.d.provider.DiscoveryJerseyProvider   : Using XML decoding codec XStreamXml
2021-12-20 23:43:00.474  INFO [USER-SERVICE,,,] 20244 --- [main] c.n.d.s.r.aws.ConfigClusterResolver      : Resolving eureka endpoints via configuration
2021-12-20 23:43:00.525  INFO [payment-service,,,] 3032 --- [main] o.a.c.c.C.[Tomcat].[localhost].[/]       : Initializing Spring embedded WebApplicationContext
2021-12-20 23:43:00.526  INFO [payment-service,,,] 3032 --- [main] w.s.c.ServletWebServerApplicationContext : Root WebApplicationContext: initialization completed in 8150 ms
2021-12-20 23:43:00.677  INFO [payment-service,,,] 3032 --- [main] com.zaxxer.hikari.HikariDataSource       : HikariPool-1 - Starting...
2021-12-20 23:43:00.938  WARN [order-service,,,] 2748 --- [main] ockingLoadBalancerClientRibbonWarnLogger : You already have RibbonLoadBalancerClient on your classpath. It will be used by default. As Spring Cloud Ribbon is in maintenance mode. We recommend switching to BlockingLoadBalancerClient instead. In order to use it, set the value of `spring.cloud.loadbalancer.ribbon.enabled` to `false` or remove spring-cloud-starter-netflix-ribbon from your project.
2021-12-20 23:43:01.148  INFO [payment-service,,,] 3032 --- [main] com.zaxxer.hikari.HikariDataSource       : HikariPool-1 - Start completed.
2021-12-20 23:43:01.167  INFO [payment-service,,,] 3032 --- [main] o.s.b.a.h2.H2ConsoleAutoConfiguration    : H2 console available at '/h2-console'. Database available at 'jdbc:h2:mem:817b4349-ed1f-4481-a5e4-b0f83ff6ba0d'
2021-12-20 23:43:01.168  INFO [USER-SERVICE,,,] 20244 --- [main] com.netflix.discovery.DiscoveryClient    : Disable delta property : false
2021-12-20 23:43:01.168  INFO [USER-SERVICE,,,] 20244 --- [main] com.netflix.discovery.DiscoveryClient    : Single vip registry refresh property : null
2021-12-20 23:43:01.169  INFO [USER-SERVICE,,,] 20244 --- [main] com.netflix.discovery.DiscoveryClient    : Force full registry fetch : false
2021-12-20 23:43:01.169  INFO [USER-SERVICE,,,] 20244 --- [main] com.netflix.discovery.DiscoveryClient    : Application is null : false
2021-12-20 23:43:01.169  INFO [USER-SERVICE,,,] 20244 --- [main] com.netflix.discovery.DiscoveryClient    : Registered Applications size is zero : true
2021-12-20 23:43:01.169  INFO [USER-SERVICE,,,] 20244 --- [main] com.netflix.discovery.DiscoveryClient    : Application version is -1: true
2021-12-20 23:43:01.169  INFO [USER-SERVICE,,,] 20244 --- [main] com.netflix.discovery.DiscoveryClient    : Getting all instance registry info from the eureka server
2021-12-20 23:43:01.515  INFO [USER-SERVICE,,,] 20244 --- [main] com.netflix.discovery.DiscoveryClient    : The response status is 200
2021-12-20 23:43:01.521  INFO [USER-SERVICE,,,] 20244 --- [main] com.netflix.discovery.DiscoveryClient    : Starting heartbeat executor: renew interval is: 30
2021-12-20 23:43:01.526  INFO [USER-SERVICE,,,] 20244 --- [main] c.n.discovery.InstanceInfoReplicator     : InstanceInfoReplicator onDemand update allowed rate per min is 4
2021-12-20 23:43:01.549  INFO [USER-SERVICE,,,] 20244 --- [main] com.netflix.discovery.DiscoveryClient    : Discovery Client initialized at timestamp 1640065381538 with initial instances count: 3
2021-12-20 23:43:01.566  INFO [USER-SERVICE,,,] 20244 --- [main] o.s.c.n.e.s.EurekaServiceRegistry        : Registering application USER-SERVICE with eureka with status UP
2021-12-20 23:43:01.589  INFO [USER-SERVICE,,,] 20244 --- [main] com.netflix.discovery.DiscoveryClient    : Saw local status change event StatusChangeEvent [timestamp=1640065381589, current=UP, previous=STARTING]
2021-12-20 23:43:01.638  INFO [USER-SERVICE,,,] 20244 --- [DiscoveryClient-InstanceInfoReplicator-0] com.netflix.discovery.DiscoveryClient    : DiscoveryClient_USER-SERVICE/192.168.0.13:USER-SERVICE:9002: registering service...
2021-12-20 23:43:01.729  INFO [USER-SERVICE,,,] 20244 --- [main] o.s.b.w.embedded.tomcat.TomcatWebServer  : Tomcat started on port(s): 9002 (http) with context path ''
2021-12-20 23:43:01.730  INFO [USER-SERVICE,,,] 20244 --- [main] .s.c.n.e.s.EurekaAutoServiceRegistration : Updating port to 9002
2021-12-20 23:43:01.835  INFO [USER-SERVICE,,,] 20244 --- [DiscoveryClient-InstanceInfoReplicator-0] com.netflix.discovery.DiscoveryClient    : DiscoveryClient_USER-SERVICE/192.168.0.13:USER-SERVICE:9002 - registration status: 204
2021-12-20 23:43:02.465  INFO [order-service,,,] 2748 --- [main] o.s.c.n.eureka.InstanceInfoFactory       : Setting initial instance status as: STARTING
2021-12-20 23:43:02.612  INFO [order-service,,,] 2748 --- [main] com.netflix.discovery.DiscoveryClient    : Initializing Eureka in region us-east-1
2021-12-20 23:43:02.619  WARN [payment-service,,,] 3032 --- [main] o.s.c.s.zipkin2.ZipkinAutoConfiguration  : Check result of the [RestTemplateSender{http://localhost:9411/api/v2/spans}] contains an error [CheckResult{ok=false, error=org.springframework.web.client.ResourceAccessException: I/O error on POST request for "http://localhost:9411/api/v2/spans": connect timed out; nested exception is java.net.SocketTimeoutException: connect timed out}]
2021-12-20 23:43:02.847  INFO [USER-SERVICE,,,] 20244 --- [main] DeferredRepositoryInitializationListener : Triggering deferred initialization of Spring Data repositories…
2021-12-20 23:43:03.087  INFO [payment-service,,,] 3032 --- [main] o.s.s.concurrent.ThreadPoolTaskExecutor  : Initializing ExecutorService 'applicationTaskExecutor'
2021-12-20 23:43:03.401  WARN [payment-service,,,] 3032 --- [main] c.n.c.sources.URLConfigurationSource     : No URLs will be polled as dynamic configuration sources.
2021-12-20 23:43:03.401  INFO [payment-service,,,] 3032 --- [main] c.n.c.sources.URLConfigurationSource     : To enable URLs as dynamic configuration sources, define System property archaius.configurationSource.additionalUrls or make config.properties available on classpath.
2021-12-20 23:43:03.405  INFO [payment-service,,,] 3032 --- [task-1] o.hibernate.jpa.internal.util.LogHelper  : HHH000204: Processing PersistenceUnitInfo [name: default]
2021-12-20 23:43:03.508  INFO [payment-service,,,] 3032 --- [task-1] org.hibernate.Version                    : HHH000412: Hibernate ORM core version 5.4.21.Final
2021-12-20 23:43:03.576  WARN [payment-service,,,] 3032 --- [main] c.n.c.sources.URLConfigurationSource     : No URLs will be polled as dynamic configuration sources.
2021-12-20 23:43:03.576  INFO [payment-service,,,] 3032 --- [main] c.n.c.sources.URLConfigurationSource     : To enable URLs as dynamic configuration sources, define System property archaius.configurationSource.additionalUrls or make config.properties available on classpath.
2021-12-20 23:43:03.737  WARN [payment-service,,,] 3032 --- [main] JpaBaseConfiguration$JpaWebConfiguration : spring.jpa.open-in-view is enabled by default. Therefore, database queries may be performed during view rendering. Explicitly configure spring.jpa.open-in-view to disable this warning
2021-12-20 23:43:03.771  INFO [USER-SERVICE,,,] 20244 --- [main] DeferredRepositoryInitializationListener : Spring Data repositories initialized!
2021-12-20 23:43:03.807  INFO [USER-SERVICE,,,] 20244 --- [main] com.tkp.user.UserServiceApplication      : Started UserServiceApplication in 26.043 seconds (JVM running for 27.372)
2021-12-20 23:43:03.863  INFO [payment-service,,,] 3032 --- [task-1] o.hibernate.annotations.common.Version   : HCANN000001: Hibernate Commons Annotations {5.1.0.Final}
2021-12-20 23:43:04.262  INFO [order-service,,,] 2748 --- [main] c.n.d.provider.DiscoveryJerseyProvider   : Using JSON encoding codec LegacyJacksonJson
2021-12-20 23:43:04.263  INFO [order-service,,,] 2748 --- [main] c.n.d.provider.DiscoveryJerseyProvider   : Using JSON decoding codec LegacyJacksonJson
2021-12-20 23:43:04.332  INFO [payment-service,,,] 3032 --- [task-1] org.hibernate.dialect.Dialect            : HHH000400: Using dialect: org.hibernate.dialect.H2Dialect
2021-12-20 23:43:04.820  INFO [order-service,,,] 2748 --- [main] c.n.d.provider.DiscoveryJerseyProvider   : Using XML encoding codec XStreamXml
2021-12-20 23:43:04.821  INFO [order-service,,,] 2748 --- [main] c.n.d.provider.DiscoveryJerseyProvider   : Using XML decoding codec XStreamXml
2021-12-20 23:43:05.192  INFO [order-service,,,] 2748 --- [main] c.n.d.s.r.aws.ConfigClusterResolver      : Resolving eureka endpoints via configuration
2021-12-20 23:43:05.542  INFO [order-service,,,] 2748 --- [main] com.netflix.discovery.DiscoveryClient    : Disable delta property : false
2021-12-20 23:43:05.542  INFO [order-service,,,] 2748 --- [main] com.netflix.discovery.DiscoveryClient    : Single vip registry refresh property : null
2021-12-20 23:43:05.543  INFO [order-service,,,] 2748 --- [main] com.netflix.discovery.DiscoveryClient    : Force full registry fetch : false
2021-12-20 23:43:05.543  INFO [order-service,,,] 2748 --- [main] com.netflix.discovery.DiscoveryClient    : Application is null : false
2021-12-20 23:43:05.543  INFO [order-service,,,] 2748 --- [main] com.netflix.discovery.DiscoveryClient    : Registered Applications size is zero : true
2021-12-20 23:43:05.543  INFO [order-service,,,] 2748 --- [main] com.netflix.discovery.DiscoveryClient    : Application version is -1: true
2021-12-20 23:43:05.543  INFO [order-service,,,] 2748 --- [main] com.netflix.discovery.DiscoveryClient    : Getting all instance registry info from the eureka server
2021-12-20 23:43:05.939  INFO [order-service,,,] 2748 --- [main] com.netflix.discovery.DiscoveryClient    : The response status is 200
2021-12-20 23:43:05.943  INFO [order-service,,,] 2748 --- [main] com.netflix.discovery.DiscoveryClient    : Starting heartbeat executor: renew interval is: 30
2021-12-20 23:43:05.947  INFO [order-service,,,] 2748 --- [main] c.n.discovery.InstanceInfoReplicator     : InstanceInfoReplicator onDemand update allowed rate per min is 4
2021-12-20 23:43:05.952  INFO [order-service,,,] 2748 --- [main] com.netflix.discovery.DiscoveryClient    : Discovery Client initialized at timestamp 1640065385950 with initial instances count: 3
2021-12-20 23:43:06.020  INFO [order-service,,,] 2748 --- [main] o.s.c.n.e.s.EurekaServiceRegistry        : Registering application ORDER-SERVICE with eureka with status UP
2021-12-20 23:43:06.022  INFO [order-service,,,] 2748 --- [main] com.netflix.discovery.DiscoveryClient    : Saw local status change event StatusChangeEvent [timestamp=1640065386021, current=UP, previous=STARTING]
2021-12-20 23:43:06.051  INFO [order-service,,,] 2748 --- [DiscoveryClient-InstanceInfoReplicator-0] com.netflix.discovery.DiscoveryClient    : DiscoveryClient_ORDER-SERVICE/192.168.0.13:order-service:9004: registering service...
2021-12-20 23:43:06.073  INFO [order-service,,,] 2748 --- [main] o.s.b.w.embedded.tomcat.TomcatWebServer  : Tomcat started on port(s): 9004 (http) with context path ''
2021-12-20 23:43:06.074  INFO [order-service,,,] 2748 --- [main] .s.c.n.e.s.EurekaAutoServiceRegistration : Updating port to 9004
2021-12-20 23:43:06.099  INFO [payment-service,,,] 3032 --- [task-1] o.h.e.t.j.p.i.JtaPlatformInitiator       : HHH000490: Using JtaPlatform implementation: [org.hibernate.engine.transaction.jta.platform.internal.NoJtaPlatform]
2021-12-20 23:43:06.119  INFO [payment-service,,,] 3032 --- [task-1] j.LocalContainerEntityManagerFactoryBean : Initialized JPA EntityManagerFactory for persistence unit 'default'
2021-12-20 23:43:06.128  INFO [order-service,,,] 2748 --- [DiscoveryClient-InstanceInfoReplicator-0] com.netflix.discovery.DiscoveryClient    : DiscoveryClient_ORDER-SERVICE/192.168.0.13:order-service:9004 - registration status: 204
2021-12-20 23:43:06.765  INFO [payment-service,,,] 3032 --- [main] DiscoveryClientOptionalArgsConfiguration : Eureka HTTP Client uses Jersey
2021-12-20 23:43:06.901  INFO [order-service,,,] 2748 --- [main] DeferredRepositoryInitializationListener : Triggering deferred initialization of Spring Data repositories…
2021-12-20 23:43:07.368  INFO [order-service,,,] 2748 --- [main] DeferredRepositoryInitializationListener : Spring Data repositories initialized!
2021-12-20 23:43:07.415  INFO [order-service,,,] 2748 --- [main] com.tkp.api.OrderServiceApplication      : Started OrderServiceApplication in 26.407 seconds (JVM running for 28.029)
2021-12-20 23:43:07.473  WARN [payment-service,,,] 3032 --- [main] ockingLoadBalancerClientRibbonWarnLogger : You already have RibbonLoadBalancerClient on your classpath. It will be used by default. As Spring Cloud Ribbon is in maintenance mode. We recommend switching to BlockingLoadBalancerClient instead. In order to use it, set the value of `spring.cloud.loadbalancer.ribbon.enabled` to `false` or remove spring-cloud-starter-netflix-ribbon from your project.
2021-12-20 23:43:08.234  INFO [payment-service,,,] 3032 --- [main] o.s.c.n.eureka.InstanceInfoFactory       : Setting initial instance status as: STARTING
2021-12-20 23:43:08.336  INFO [payment-service,,,] 3032 --- [main] com.netflix.discovery.DiscoveryClient    : Initializing Eureka in region us-east-1
2021-12-20 23:43:08.991  INFO [payment-service,,,] 3032 --- [main] c.n.d.provider.DiscoveryJerseyProvider   : Using JSON encoding codec LegacyJacksonJson
2021-12-20 23:43:08.992  INFO [payment-service,,,] 3032 --- [main] c.n.d.provider.DiscoveryJerseyProvider   : Using JSON decoding codec LegacyJacksonJson
2021-12-20 23:43:09.193  INFO [payment-service,,,] 3032 --- [main] c.n.d.provider.DiscoveryJerseyProvider   : Using XML encoding codec XStreamXml
2021-12-20 23:43:09.193  INFO [payment-service,,,] 3032 --- [main] c.n.d.provider.DiscoveryJerseyProvider   : Using XML decoding codec XStreamXml
2021-12-20 23:43:09.428  INFO [payment-service,,,] 3032 --- [main] c.n.d.s.r.aws.ConfigClusterResolver      : Resolving eureka endpoints via configuration
2021-12-20 23:43:09.636  INFO [payment-service,,,] 3032 --- [main] com.netflix.discovery.DiscoveryClient    : Disable delta property : false
2021-12-20 23:43:09.636  INFO [payment-service,,,] 3032 --- [main] com.netflix.discovery.DiscoveryClient    : Single vip registry refresh property : null
2021-12-20 23:43:09.636  INFO [payment-service,,,] 3032 --- [main] com.netflix.discovery.DiscoveryClient    : Force full registry fetch : false
2021-12-20 23:43:09.636  INFO [payment-service,,,] 3032 --- [main] com.netflix.discovery.DiscoveryClient    : Application is null : false
2021-12-20 23:43:09.636  INFO [payment-service,,,] 3032 --- [main] com.netflix.discovery.DiscoveryClient    : Registered Applications size is zero : true
2021-12-20 23:43:09.636  INFO [payment-service,,,] 3032 --- [main] com.netflix.discovery.DiscoveryClient    : Application version is -1: true
2021-12-20 23:43:09.637  INFO [payment-service,,,] 3032 --- [main] com.netflix.discovery.DiscoveryClient    : Getting all instance registry info from the eureka server
2021-12-20 23:43:09.751  INFO [payment-service,,,] 3032 --- [main] com.netflix.discovery.DiscoveryClient    : The response status is 200
2021-12-20 23:43:09.753  INFO [payment-service,,,] 3032 --- [main] com.netflix.discovery.DiscoveryClient    : Starting heartbeat executor: renew interval is: 30
2021-12-20 23:43:09.755  INFO [payment-service,,,] 3032 --- [main] c.n.discovery.InstanceInfoReplicator     : InstanceInfoReplicator onDemand update allowed rate per min is 4
2021-12-20 23:43:09.758  INFO [payment-service,,,] 3032 --- [main] com.netflix.discovery.DiscoveryClient    : Discovery Client initialized at timestamp 1640065389757 with initial instances count: 3
2021-12-20 23:43:09.766  INFO [payment-service,,,] 3032 --- [main] o.s.c.n.e.s.EurekaServiceRegistry        : Registering application PAYMENT-SERVICE with eureka with status UP
2021-12-20 23:43:09.766  INFO [payment-service,,,] 3032 --- [main] com.netflix.discovery.DiscoveryClient    : Saw local status change event StatusChangeEvent [timestamp=1640065389766, current=UP, previous=STARTING]
2021-12-20 23:43:09.768  INFO [payment-service,,,] 3032 --- [DiscoveryClient-InstanceInfoReplicator-0] com.netflix.discovery.DiscoveryClient    : DiscoveryClient_PAYMENT-SERVICE/192.168.0.13:payment-service:9003: registering service...
2021-12-20 23:43:09.793  INFO [payment-service,,,] 3032 --- [main] o.s.b.w.embedded.tomcat.TomcatWebServer  : Tomcat started on port(s): 9003 (http) with context path ''
2021-12-20 23:43:09.794  INFO [payment-service,,,] 3032 --- [main] .s.c.n.e.s.EurekaAutoServiceRegistration : Updating port to 9003
2021-12-20 23:43:09.803  INFO [payment-service,,,] 3032 --- [DiscoveryClient-InstanceInfoReplicator-0] com.netflix.discovery.DiscoveryClient    : DiscoveryClient_PAYMENT-SERVICE/192.168.0.13:payment-service:9003 - registration status: 204
2021-12-20 23:43:10.089  INFO [payment-service,,,] 3032 --- [main] DeferredRepositoryInitializationListener : Triggering deferred initialization of Spring Data repositories…
2021-12-20 23:43:10.489  INFO [payment-service,,,] 3032 --- [main] DeferredRepositoryInitializationListener : Spring Data repositories initialized!
2021-12-20 23:43:10.505  INFO [payment-service,,,] 3032 --- [main] com.tkp.api.PaymentServiceApplication    : Started PaymentServiceApplication in 24.378 seconds (JVM running for 26.741)
2021-12-20 23:44:50.901  INFO [USER-SERVICE,,,] 20244 --- [http-nio-9002-exec-1] o.a.c.c.C.[Tomcat].[localhost].[/]       : Initializing Spring DispatcherServlet 'dispatcherServlet'
2021-12-20 23:44:50.901  INFO [USER-SERVICE,,,] 20244 --- [http-nio-9002-exec-1] o.s.web.servlet.DispatcherServlet        : Initializing Servlet 'dispatcherServlet'
2021-12-20 23:44:50.918  INFO [USER-SERVICE,,,] 20244 --- [http-nio-9002-exec-1] o.s.web.servlet.DispatcherServlet        : Completed initialization in 16 ms
2021-12-20 23:44:50.979  INFO [USER-SERVICE,2d6212c3ef3ac0de,2d6212c3ef3ac0de,true] 20244 --- [http-nio-9002-exec-1] com.tkp.user.controller.UserController   : Inside getUserWithDepartment of UserController
2021-12-20 23:44:50.980  INFO [USER-SERVICE,2d6212c3ef3ac0de,2d6212c3ef3ac0de,true] 20244 --- [http-nio-9002-exec-1] com.tkp.user.service.UserService         : Inside getUserWithDepartment of UserService
2021-12-20 23:44:51.199 ERROR [USER-SERVICE,,,] 20244 --- [http-nio-9002-exec-1] o.a.c.c.C.[.[.[/].[dispatcherServlet]    : Servlet.service() for servlet [dispatcherServlet] in context with path [] threw exception [Request processing failed; nested exception is java.lang.NullPointerException] with root cause

java.lang.NullPointerException: null
	at com.tkp.user.service.UserService.getUserWithDepartment(UserService.java:34) ~[classes/:na]
	at com.tkp.user.controller.UserController.getUserWithDepartment(UserController.java:29) ~[classes/:na]
	at sun.reflect.NativeMethodAccessorImpl.invoke0(Native Method) ~[na:1.8.0_291]
	at sun.reflect.NativeMethodAccessorImpl.invoke(NativeMethodAccessorImpl.java:62) ~[na:1.8.0_291]
	at sun.reflect.DelegatingMethodAccessorImpl.invoke(DelegatingMethodAccessorImpl.java:43) ~[na:1.8.0_291]
	at java.lang.reflect.Method.invoke(Method.java:498) ~[na:1.8.0_291]
	at org.springframework.web.method.support.InvocableHandlerMethod.doInvoke(InvocableHandlerMethod.java:190) ~[spring-web-5.2.9.RELEASE.jar:5.2.9.RELEASE]
	at org.springframework.web.method.support.InvocableHandlerMethod.invokeForRequest(InvocableHandlerMethod.java:138) ~[spring-web-5.2.9.RELEASE.jar:5.2.9.RELEASE]
	at org.springframework.web.servlet.mvc.method.annotation.ServletInvocableHandlerMethod.invokeAndHandle(ServletInvocableHandlerMethod.java:105) ~[spring-webmvc-5.2.9.RELEASE.jar:5.2.9.RELEASE]
	at org.springframework.web.servlet.mvc.method.annotation.RequestMappingHandlerAdapter.invokeHandlerMethod(RequestMappingHandlerAdapter.java:878) ~[spring-webmvc-5.2.9.RELEASE.jar:5.2.9.RELEASE]
	at org.springframework.web.servlet.mvc.method.annotation.RequestMappingHandlerAdapter.handleInternal(RequestMappingHandlerAdapter.java:792) ~[spring-webmvc-5.2.9.RELEASE.jar:5.2.9.RELEASE]
	at org.springframework.web.servlet.mvc.method.AbstractHandlerMethodAdapter.handle(AbstractHandlerMethodAdapter.java:87) ~[spring-webmvc-5.2.9.RELEASE.jar:5.2.9.RELEASE]
	at org.springframework.web.servlet.DispatcherServlet.doDispatch(DispatcherServlet.java:1040) ~[spring-webmvc-5.2.9.RELEASE.jar:5.2.9.RELEASE]
	at org.springframework.web.servlet.DispatcherServlet.doService(DispatcherServlet.java:943) ~[spring-webmvc-5.2.9.RELEASE.jar:5.2.9.RELEASE]
	at org.springframework.web.servlet.FrameworkServlet.processRequest(FrameworkServlet.java:1006) ~[spring-webmvc-5.2.9.RELEASE.jar:5.2.9.RELEASE]
	at org.springframework.web.servlet.FrameworkServlet.doGet(FrameworkServlet.java:898) ~[spring-webmvc-5.2.9.RELEASE.jar:5.2.9.RELEASE]
	at javax.servlet.http.HttpServlet.service(HttpServlet.java:626) ~[tomcat-embed-core-9.0.38.jar:4.0.FR]
	at org.springframework.web.servlet.FrameworkServlet.service(FrameworkServlet.java:883) ~[spring-webmvc-5.2.9.RELEASE.jar:5.2.9.RELEASE]
	at javax.servlet.http.HttpServlet.service(HttpServlet.java:733) ~[tomcat-embed-core-9.0.38.jar:4.0.FR]
	at org.apache.catalina.core.ApplicationFilterChain.internalDoFilter(ApplicationFilterChain.java:231) ~[tomcat-embed-core-9.0.38.jar:9.0.38]
	at org.apache.catalina.core.ApplicationFilterChain.doFilter(ApplicationFilterChain.java:166) ~[tomcat-embed-core-9.0.38.jar:9.0.38]
	at org.apache.tomcat.websocket.server.WsFilter.doFilter(WsFilter.java:53) ~[tomcat-embed-websocket-9.0.38.jar:9.0.38]
	at org.apache.catalina.core.ApplicationFilterChain.internalDoFilter(ApplicationFilterChain.java:193) ~[tomcat-embed-core-9.0.38.jar:9.0.38]
	at org.apache.catalina.core.ApplicationFilterChain.doFilter(ApplicationFilterChain.java:166) ~[tomcat-embed-core-9.0.38.jar:9.0.38]
	at brave.servlet.TracingFilter.doFilter(TracingFilter.java:68) ~[brave-instrumentation-servlet-5.12.3.jar:na]
	at org.apache.catalina.core.ApplicationFilterChain.internalDoFilter(ApplicationFilterChain.java:193) ~[tomcat-embed-core-9.0.38.jar:9.0.38]
	at org.apache.catalina.core.ApplicationFilterChain.doFilter(ApplicationFilterChain.java:166) ~[tomcat-embed-core-9.0.38.jar:9.0.38]
	at org.springframework.web.filter.RequestContextFilter.doFilterInternal(RequestContextFilter.java:100) ~[spring-web-5.2.9.RELEASE.jar:5.2.9.RELEASE]
	at org.springframework.web.filter.OncePerRequestFilter.doFilter(OncePerRequestFilter.java:119) ~[spring-web-5.2.9.RELEASE.jar:5.2.9.RELEASE]
	at org.apache.catalina.core.ApplicationFilterChain.internalDoFilter(ApplicationFilterChain.java:193) ~[tomcat-embed-core-9.0.38.jar:9.0.38]
	at org.apache.catalina.core.ApplicationFilterChain.doFilter(ApplicationFilterChain.java:166) ~[tomcat-embed-core-9.0.38.jar:9.0.38]
	at org.springframework.web.filter.FormContentFilter.doFilterInternal(FormContentFilter.java:93) ~[spring-web-5.2.9.RELEASE.jar:5.2.9.RELEASE]
	at org.springframework.web.filter.OncePerRequestFilter.doFilter(OncePerRequestFilter.java:119) ~[spring-web-5.2.9.RELEASE.jar:5.2.9.RELEASE]
	at org.apache.catalina.core.ApplicationFilterChain.internalDoFilter(ApplicationFilterChain.java:193) ~[tomcat-embed-core-9.0.38.jar:9.0.38]
	at org.apache.catalina.core.ApplicationFilterChain.doFilter(ApplicationFilterChain.java:166) ~[tomcat-embed-core-9.0.38.jar:9.0.38]
	at brave.servlet.TracingFilter.doFilter(TracingFilter.java:87) ~[brave-instrumentation-servlet-5.12.3.jar:na]
	at org.springframework.cloud.sleuth.instrument.web.LazyTracingFilter.doFilter(TraceWebServletAutoConfiguration.java:139) ~[spring-cloud-sleuth-core-2.2.5.RELEASE.jar:2.2.5.RELEASE]
	at org.apache.catalina.core.ApplicationFilterChain.internalDoFilter(ApplicationFilterChain.java:193) ~[tomcat-embed-core-9.0.38.jar:9.0.38]
	at org.apache.catalina.core.ApplicationFilterChain.doFilter(ApplicationFilterChain.java:166) ~[tomcat-embed-core-9.0.38.jar:9.0.38]
	at org.springframework.boot.actuate.metrics.web.servlet.WebMvcMetricsFilter.doFilterInternal(WebMvcMetricsFilter.java:93) ~[spring-boot-actuator-2.3.4.RELEASE.jar:2.3.4.RELEASE]
	at org.springframework.web.filter.OncePerRequestFilter.doFilter(OncePerRequestFilter.java:119) ~[spring-web-5.2.9.RELEASE.jar:5.2.9.RELEASE]
	at org.apache.catalina.core.ApplicationFilterChain.internalDoFilter(ApplicationFilterChain.java:193) ~[tomcat-embed-core-9.0.38.jar:9.0.38]
	at org.apache.catalina.core.ApplicationFilterChain.doFilter(ApplicationFilterChain.java:166) ~[tomcat-embed-core-9.0.38.jar:9.0.38]
	at org.springframework.web.filter.CharacterEncodingFilter.doFilterInternal(CharacterEncodingFilter.java:201) ~[spring-web-5.2.9.RELEASE.jar:5.2.9.RELEASE]
	at org.springframework.web.filter.OncePerRequestFilter.doFilter(OncePerRequestFilter.java:119) ~[spring-web-5.2.9.RELEASE.jar:5.2.9.RELEASE]
	at org.apache.catalina.core.ApplicationFilterChain.internalDoFilter(ApplicationFilterChain.java:193) ~[tomcat-embed-core-9.0.38.jar:9.0.38]
	at org.apache.catalina.core.ApplicationFilterChain.doFilter(ApplicationFilterChain.java:166) ~[tomcat-embed-core-9.0.38.jar:9.0.38]
	at org.apache.catalina.core.StandardWrapperValve.invoke(StandardWrapperValve.java:202) ~[tomcat-embed-core-9.0.38.jar:9.0.38]
	at org.apache.catalina.core.StandardContextValve.invoke(StandardContextValve.java:97) [tomcat-embed-core-9.0.38.jar:9.0.38]
	at org.apache.catalina.authenticator.AuthenticatorBase.invoke(AuthenticatorBase.java:541) [tomcat-embed-core-9.0.38.jar:9.0.38]
	at org.apache.catalina.core.StandardHostValve.invoke(StandardHostValve.java:143) [tomcat-embed-core-9.0.38.jar:9.0.38]
	at org.apache.catalina.valves.ErrorReportValve.invoke(ErrorReportValve.java:92) [tomcat-embed-core-9.0.38.jar:9.0.38]
	at org.apache.catalina.core.StandardEngineValve.invoke(StandardEngineValve.java:78) [tomcat-embed-core-9.0.38.jar:9.0.38]
	at org.apache.catalina.connector.CoyoteAdapter.service(CoyoteAdapter.java:343) [tomcat-embed-core-9.0.38.jar:9.0.38]
	at org.apache.coyote.http11.Http11Processor.service(Http11Processor.java:374) [tomcat-embed-core-9.0.38.jar:9.0.38]
	at org.apache.coyote.AbstractProcessorLight.process(AbstractProcessorLight.java:65) [tomcat-embed-core-9.0.38.jar:9.0.38]
	at org.apache.coyote.AbstractProtocol$ConnectionHandler.process(AbstractProtocol.java:868) [tomcat-embed-core-9.0.38.jar:9.0.38]
	at org.apache.tomcat.util.net.NioEndpoint$SocketProcessor.doRun(NioEndpoint.java:1590) [tomcat-embed-core-9.0.38.jar:9.0.38]
	at org.apache.tomcat.util.net.SocketProcessorBase.run(SocketProcessorBase.java:49) [tomcat-embed-core-9.0.38.jar:9.0.38]
	at java.util.concurrent.ThreadPoolExecutor.runWorker(ThreadPoolExecutor.java:1149) [na:1.8.0_291]
	at java.util.concurrent.ThreadPoolExecutor$Worker.run(ThreadPoolExecutor.java:624) [na:1.8.0_291]
	at org.apache.tomcat.util.threads.TaskThread$WrappingRunnable.run(TaskThread.java:61) [tomcat-embed-core-9.0.38.jar:9.0.38]
	at java.lang.Thread.run(Thread.java:748) [na:1.8.0_291]

2021-12-20 23:44:54.949  INFO [DEPARTMENT-SERVICE,,,] 4764 --- [http-nio-9001-exec-1] o.a.c.c.C.[Tomcat].[localhost].[/]       : Initializing Spring DispatcherServlet 'dispatcherServlet'
2021-12-20 23:44:54.950  INFO [DEPARTMENT-SERVICE,,,] 4764 --- [http-nio-9001-exec-1] o.s.web.servlet.DispatcherServlet        : Initializing Servlet 'dispatcherServlet'
2021-12-20 23:44:54.965  INFO [DEPARTMENT-SERVICE,,,] 4764 --- [http-nio-9001-exec-1] o.s.web.servlet.DispatcherServlet        : Completed initialization in 15 ms
2021-12-20 23:44:55.028  INFO [DEPARTMENT-SERVICE,acfba90fe77cd5e9,acfba90fe77cd5e9,true] 4764 --- [http-nio-9001-exec-1] c.t.d.controller.DepartmentController    : Inside findDepartmentById method of DepartmentController
2021-12-20 23:44:55.028  INFO [DEPARTMENT-SERVICE,acfba90fe77cd5e9,acfba90fe77cd5e9,true] 4764 --- [http-nio-9001-exec-1] c.t.d.service.DepartmentService          : Inside saveDepartment of DepartmentService
2021-12-20 23:44:58.769  INFO [USER-SERVICE,7b68753b63f1384d,7b68753b63f1384d,true] 20244 --- [http-nio-9002-exec-2] com.tkp.user.controller.UserController   : Inside getUserWithDepartment of UserController
2021-12-20 23:44:58.770  INFO [USER-SERVICE,7b68753b63f1384d,7b68753b63f1384d,true] 20244 --- [http-nio-9002-exec-2] com.tkp.user.service.UserService         : Inside getUserWithDepartment of UserService
2021-12-20 23:44:58.772 ERROR [USER-SERVICE,,,] 20244 --- [http-nio-9002-exec-2] o.a.c.c.C.[.[.[/].[dispatcherServlet]    : Servlet.service() for servlet [dispatcherServlet] in context with path [] threw exception [Request processing failed; nested exception is java.lang.NullPointerException] with root cause

java.lang.NullPointerException: null
	at com.tkp.user.service.UserService.getUserWithDepartment(UserService.java:34) ~[classes/:na]
	at com.tkp.user.controller.UserController.getUserWithDepartment(UserController.java:29) ~[classes/:na]
	at sun.reflect.NativeMethodAccessorImpl.invoke0(Native Method) ~[na:1.8.0_291]
	at sun.reflect.NativeMethodAccessorImpl.invoke(NativeMethodAccessorImpl.java:62) ~[na:1.8.0_291]
	at sun.reflect.DelegatingMethodAccessorImpl.invoke(DelegatingMethodAccessorImpl.java:43) ~[na:1.8.0_291]
	at java.lang.reflect.Method.invoke(Method.java:498) ~[na:1.8.0_291]
	at org.springframework.web.method.support.InvocableHandlerMethod.doInvoke(InvocableHandlerMethod.java:190) ~[spring-web-5.2.9.RELEASE.jar:5.2.9.RELEASE]
	at org.springframework.web.method.support.InvocableHandlerMethod.invokeForRequest(InvocableHandlerMethod.java:138) ~[spring-web-5.2.9.RELEASE.jar:5.2.9.RELEASE]
	at org.springframework.web.servlet.mvc.method.annotation.ServletInvocableHandlerMethod.invokeAndHandle(ServletInvocableHandlerMethod.java:105) ~[spring-webmvc-5.2.9.RELEASE.jar:5.2.9.RELEASE]
	at org.springframework.web.servlet.mvc.method.annotation.RequestMappingHandlerAdapter.invokeHandlerMethod(RequestMappingHandlerAdapter.java:878) ~[spring-webmvc-5.2.9.RELEASE.jar:5.2.9.RELEASE]
	at org.springframework.web.servlet.mvc.method.annotation.RequestMappingHandlerAdapter.handleInternal(RequestMappingHandlerAdapter.java:792) ~[spring-webmvc-5.2.9.RELEASE.jar:5.2.9.RELEASE]
	at org.springframework.web.servlet.mvc.method.AbstractHandlerMethodAdapter.handle(AbstractHandlerMethodAdapter.java:87) ~[spring-webmvc-5.2.9.RELEASE.jar:5.2.9.RELEASE]
	at org.springframework.web.servlet.DispatcherServlet.doDispatch(DispatcherServlet.java:1040) ~[spring-webmvc-5.2.9.RELEASE.jar:5.2.9.RELEASE]
	at org.springframework.web.servlet.DispatcherServlet.doService(DispatcherServlet.java:943) ~[spring-webmvc-5.2.9.RELEASE.jar:5.2.9.RELEASE]
	at org.springframework.web.servlet.FrameworkServlet.processRequest(FrameworkServlet.java:1006) ~[spring-webmvc-5.2.9.RELEASE.jar:5.2.9.RELEASE]
	at org.springframework.web.servlet.FrameworkServlet.doGet(FrameworkServlet.java:898) ~[spring-webmvc-5.2.9.RELEASE.jar:5.2.9.RELEASE]
	at javax.servlet.http.HttpServlet.service(HttpServlet.java:626) ~[tomcat-embed-core-9.0.38.jar:4.0.FR]
	at org.springframework.web.servlet.FrameworkServlet.service(FrameworkServlet.java:883) ~[spring-webmvc-5.2.9.RELEASE.jar:5.2.9.RELEASE]
	at javax.servlet.http.HttpServlet.service(HttpServlet.java:733) ~[tomcat-embed-core-9.0.38.jar:4.0.FR]
	at org.apache.catalina.core.ApplicationFilterChain.internalDoFilter(ApplicationFilterChain.java:231) ~[tomcat-embed-core-9.0.38.jar:9.0.38]
	at org.apache.catalina.core.ApplicationFilterChain.doFilter(ApplicationFilterChain.java:166) ~[tomcat-embed-core-9.0.38.jar:9.0.38]
	at org.apache.tomcat.websocket.server.WsFilter.doFilter(WsFilter.java:53) ~[tomcat-embed-websocket-9.0.38.jar:9.0.38]
	at org.apache.catalina.core.ApplicationFilterChain.internalDoFilter(ApplicationFilterChain.java:193) ~[tomcat-embed-core-9.0.38.jar:9.0.38]
	at org.apache.catalina.core.ApplicationFilterChain.doFilter(ApplicationFilterChain.java:166) ~[tomcat-embed-core-9.0.38.jar:9.0.38]
	at brave.servlet.TracingFilter.doFilter(TracingFilter.java:68) ~[brave-instrumentation-servlet-5.12.3.jar:na]
	at org.apache.catalina.core.ApplicationFilterChain.internalDoFilter(ApplicationFilterChain.java:193) ~[tomcat-embed-core-9.0.38.jar:9.0.38]
	at org.apache.catalina.core.ApplicationFilterChain.doFilter(ApplicationFilterChain.java:166) ~[tomcat-embed-core-9.0.38.jar:9.0.38]
	at org.springframework.web.filter.RequestContextFilter.doFilterInternal(RequestContextFilter.java:100) ~[spring-web-5.2.9.RELEASE.jar:5.2.9.RELEASE]
	at org.springframework.web.filter.OncePerRequestFilter.doFilter(OncePerRequestFilter.java:119) ~[spring-web-5.2.9.RELEASE.jar:5.2.9.RELEASE]
	at org.apache.catalina.core.ApplicationFilterChain.internalDoFilter(ApplicationFilterChain.java:193) ~[tomcat-embed-core-9.0.38.jar:9.0.38]
	at org.apache.catalina.core.ApplicationFilterChain.doFilter(ApplicationFilterChain.java:166) ~[tomcat-embed-core-9.0.38.jar:9.0.38]
	at org.springframework.web.filter.FormContentFilter.doFilterInternal(FormContentFilter.java:93) ~[spring-web-5.2.9.RELEASE.jar:5.2.9.RELEASE]
	at org.springframework.web.filter.OncePerRequestFilter.doFilter(OncePerRequestFilter.java:119) ~[spring-web-5.2.9.RELEASE.jar:5.2.9.RELEASE]
	at org.apache.catalina.core.ApplicationFilterChain.internalDoFilter(ApplicationFilterChain.java:193) ~[tomcat-embed-core-9.0.38.jar:9.0.38]
	at org.apache.catalina.core.ApplicationFilterChain.doFilter(ApplicationFilterChain.java:166) ~[tomcat-embed-core-9.0.38.jar:9.0.38]
	at brave.servlet.TracingFilter.doFilter(TracingFilter.java:87) ~[brave-instrumentation-servlet-5.12.3.jar:na]
	at org.springframework.cloud.sleuth.instrument.web.LazyTracingFilter.doFilter(TraceWebServletAutoConfiguration.java:139) ~[spring-cloud-sleuth-core-2.2.5.RELEASE.jar:2.2.5.RELEASE]
	at org.apache.catalina.core.ApplicationFilterChain.internalDoFilter(ApplicationFilterChain.java:193) ~[tomcat-embed-core-9.0.38.jar:9.0.38]
	at org.apache.catalina.core.ApplicationFilterChain.doFilter(ApplicationFilterChain.java:166) ~[tomcat-embed-core-9.0.38.jar:9.0.38]
	at org.springframework.boot.actuate.metrics.web.servlet.WebMvcMetricsFilter.doFilterInternal(WebMvcMetricsFilter.java:93) ~[spring-boot-actuator-2.3.4.RELEASE.jar:2.3.4.RELEASE]
	at org.springframework.web.filter.OncePerRequestFilter.doFilter(OncePerRequestFilter.java:119) ~[spring-web-5.2.9.RELEASE.jar:5.2.9.RELEASE]
	at org.apache.catalina.core.ApplicationFilterChain.internalDoFilter(ApplicationFilterChain.java:193) ~[tomcat-embed-core-9.0.38.jar:9.0.38]
	at org.apache.catalina.core.ApplicationFilterChain.doFilter(ApplicationFilterChain.java:166) ~[tomcat-embed-core-9.0.38.jar:9.0.38]
	at org.springframework.web.filter.CharacterEncodingFilter.doFilterInternal(CharacterEncodingFilter.java:201) ~[spring-web-5.2.9.RELEASE.jar:5.2.9.RELEASE]
	at org.springframework.web.filter.OncePerRequestFilter.doFilter(OncePerRequestFilter.java:119) ~[spring-web-5.2.9.RELEASE.jar:5.2.9.RELEASE]
	at org.apache.catalina.core.ApplicationFilterChain.internalDoFilter(ApplicationFilterChain.java:193) ~[tomcat-embed-core-9.0.38.jar:9.0.38]
	at org.apache.catalina.core.ApplicationFilterChain.doFilter(ApplicationFilterChain.java:166) ~[tomcat-embed-core-9.0.38.jar:9.0.38]
	at org.apache.catalina.core.StandardWrapperValve.invoke(StandardWrapperValve.java:202) ~[tomcat-embed-core-9.0.38.jar:9.0.38]
	at org.apache.catalina.core.StandardContextValve.invoke(StandardContextValve.java:97) [tomcat-embed-core-9.0.38.jar:9.0.38]
	at org.apache.catalina.authenticator.AuthenticatorBase.invoke(AuthenticatorBase.java:541) [tomcat-embed-core-9.0.38.jar:9.0.38]
	at org.apache.catalina.core.StandardHostValve.invoke(StandardHostValve.java:143) [tomcat-embed-core-9.0.38.jar:9.0.38]
	at org.apache.catalina.valves.ErrorReportValve.invoke(ErrorReportValve.java:92) [tomcat-embed-core-9.0.38.jar:9.0.38]
	at org.apache.catalina.core.StandardEngineValve.invoke(StandardEngineValve.java:78) [tomcat-embed-core-9.0.38.jar:9.0.38]
	at org.apache.catalina.connector.CoyoteAdapter.service(CoyoteAdapter.java:343) [tomcat-embed-core-9.0.38.jar:9.0.38]
	at org.apache.coyote.http11.Http11Processor.service(Http11Processor.java:374) [tomcat-embed-core-9.0.38.jar:9.0.38]
	at org.apache.coyote.AbstractProcessorLight.process(AbstractProcessorLight.java:65) [tomcat-embed-core-9.0.38.jar:9.0.38]
	at org.apache.coyote.AbstractProtocol$ConnectionHandler.process(AbstractProtocol.java:868) [tomcat-embed-core-9.0.38.jar:9.0.38]
	at org.apache.tomcat.util.net.NioEndpoint$SocketProcessor.doRun(NioEndpoint.java:1590) [tomcat-embed-core-9.0.38.jar:9.0.38]
	at org.apache.tomcat.util.net.SocketProcessorBase.run(SocketProcessorBase.java:49) [tomcat-embed-core-9.0.38.jar:9.0.38]
	at java.util.concurrent.ThreadPoolExecutor.runWorker(ThreadPoolExecutor.java:1149) [na:1.8.0_291]
	at java.util.concurrent.ThreadPoolExecutor$Worker.run(ThreadPoolExecutor.java:624) [na:1.8.0_291]
	at org.apache.tomcat.util.threads.TaskThread$WrappingRunnable.run(TaskThread.java:61) [tomcat-embed-core-9.0.38.jar:9.0.38]
	at java.lang.Thread.run(Thread.java:748) [na:1.8.0_291]

2021-12-20 23:45:05.952  INFO [USER-SERVICE,30db59b390e5dd85,30db59b390e5dd85,true] 20244 --- [http-nio-9002-exec-7] com.tkp.user.controller.UserController   : Inside saveUser of UserController
2021-12-20 23:45:05.952  INFO [USER-SERVICE,30db59b390e5dd85,30db59b390e5dd85,true] 20244 --- [http-nio-9002-exec-7] com.tkp.user.service.UserService         : Inside saveUser of UserService
2021-12-20 23:45:10.986  INFO [DEPARTMENT-SERVICE,999cd122e1669f47,999cd122e1669f47,true] 4764 --- [http-nio-9001-exec-2] c.t.d.controller.DepartmentController    : Inside saveDepartment method of DepartmentController
2021-12-20 23:45:10.986  INFO [DEPARTMENT-SERVICE,999cd122e1669f47,999cd122e1669f47,true] 4764 --- [http-nio-9001-exec-2] c.t.d.service.DepartmentService          : Inside saveDepartment of DepartmentService
2021-12-20 23:45:15.461  INFO [order-service,,,] 2748 --- [http-nio-9004-exec-1] o.a.c.c.C.[Tomcat].[localhost].[/]       : Initializing Spring DispatcherServlet 'dispatcherServlet'
2021-12-20 23:45:15.462  INFO [order-service,,,] 2748 --- [http-nio-9004-exec-1] o.s.web.servlet.DispatcherServlet        : Initializing Servlet 'dispatcherServlet'
2021-12-20 23:45:15.478  INFO [order-service,,,] 2748 --- [http-nio-9004-exec-1] o.s.web.servlet.DispatcherServlet        : Completed initialization in 16 ms
2021-12-20 23:45:15.541  INFO [order-service,ea869b5ee706fffd,ea869b5ee706fffd,true] 2748 --- [http-nio-9004-exec-1] com.tkp.api.service.OrderService         : Order-Service Request : {"order":{"id":108,"name":"Mobiule","qty":1,"price":8000.0},"payment":{"paymentId":0,"paymentStatus":null,"transactionId":null,"orderId":108,"amount":8000.0}}
2021-12-20 23:45:15.761  INFO [order-service,ea869b5ee706fffd,a5da843d82da07a5,true] 2748 --- [http-nio-9004-exec-1] c.netflix.config.ChainedDynamicProperty  : Flipping property: PAYMENT-SERVICE.ribbon.ActiveConnectionsLimit to use NEXT property: niws.loadbalancer.availabilityFilteringRule.activeConnectionsLimit = 2147483647
2021-12-20 23:45:15.805  INFO [order-service,ea869b5ee706fffd,a5da843d82da07a5,true] 2748 --- [http-nio-9004-exec-1] c.n.u.concurrent.ShutdownEnabledTimer    : Shutdown hook installed for: NFLoadBalancer-PingTimer-PAYMENT-SERVICE
2021-12-20 23:45:15.805  INFO [order-service,ea869b5ee706fffd,a5da843d82da07a5,true] 2748 --- [http-nio-9004-exec-1] c.netflix.loadbalancer.BaseLoadBalancer  : Client: PAYMENT-SERVICE instantiated a LoadBalancer: DynamicServerListLoadBalancer:{NFLoadBalancer:name=PAYMENT-SERVICE,current list of Servers=[],Load balancer stats=Zone stats: {},Server stats: []}ServerList:null
2021-12-20 23:45:15.815  INFO [order-service,ea869b5ee706fffd,a5da843d82da07a5,true] 2748 --- [http-nio-9004-exec-1] c.n.l.DynamicServerListLoadBalancer      : Using serverListUpdater PollingServerListUpdater
2021-12-20 23:45:15.855  INFO [order-service,ea869b5ee706fffd,a5da843d82da07a5,true] 2748 --- [http-nio-9004-exec-1] c.netflix.config.ChainedDynamicProperty  : Flipping property: PAYMENT-SERVICE.ribbon.ActiveConnectionsLimit to use NEXT property: niws.loadbalancer.availabilityFilteringRule.activeConnectionsLimit = 2147483647
2021-12-20 23:45:15.857  INFO [order-service,ea869b5ee706fffd,a5da843d82da07a5,true] 2748 --- [http-nio-9004-exec-1] c.n.l.DynamicServerListLoadBalancer      : DynamicServerListLoadBalancer for client PAYMENT-SERVICE initialized: DynamicServerListLoadBalancer:{NFLoadBalancer:name=PAYMENT-SERVICE,current list of Servers=[localhost:9003],Load balancer stats=Zone stats: {defaultzone=[Zone:defaultzone;	Instance count:1;	Active connections count: 0;	Circuit breaker tripped count: 0;	Active connections per server: 0.0;]
},Server stats: [[Server:localhost:9003;	Zone:defaultZone;	Total Requests:0;	Successive connection failure:0;	Total blackout seconds:0;	Last connection made:Wed Dec 31 18:00:00 CST 1969;	First connection made: Wed Dec 31 18:00:00 CST 1969;	Active Connections:0;	total failure count in last (1000) msecs:0;	average resp time:0.0;	90 percentile resp time:0.0;	95 percentile resp time:0.0;	min resp time:0.0;	max resp time:0.0;	stddev resp time:0.0]
]}ServerList:org.springframework.cloud.netflix.ribbon.eureka.DomainExtractingServerList@10ace7ba
2021-12-20 23:45:15.871  INFO [order-service,ea869b5ee706fffd,a5da843d82da07a5,true] 2748 --- [http-nio-9004-exec-1] DeferredRepositoryInitializationListener : Triggering deferred initialization of Spring Data repositories…
2021-12-20 23:45:15.872  INFO [order-service,ea869b5ee706fffd,a5da843d82da07a5,true] 2748 --- [http-nio-9004-exec-1] DeferredRepositoryInitializationListener : Spring Data repositories initialized!
2021-12-20 23:45:15.974  INFO [payment-service,,,] 3032 --- [http-nio-9003-exec-1] o.a.c.c.C.[Tomcat].[localhost].[/]       : Initializing Spring DispatcherServlet 'dispatcherServlet'
2021-12-20 23:45:15.975  INFO [payment-service,,,] 3032 --- [http-nio-9003-exec-1] o.s.web.servlet.DispatcherServlet        : Initializing Servlet 'dispatcherServlet'
2021-12-20 23:45:15.997  INFO [payment-service,,,] 3032 --- [http-nio-9003-exec-1] o.s.web.servlet.DispatcherServlet        : Completed initialization in 22 ms
2021-12-20 23:45:16.082  INFO [payment-service,ea869b5ee706fffd,a5da843d82da07a5,true] 3032 --- [http-nio-9003-exec-1] com.tkp.api.service.PaymentService       : Payment-Service Request : {"paymentId":0,"paymentStatus":"false","transactionId":"248b9a3c-f59e-4f09-aa1b-bcad38731fc6","orderId":108,"amount":8000.0}
2021-12-20 23:45:16.218  INFO [order-service,ea869b5ee706fffd,ea869b5ee706fffd,true] 2748 --- [http-nio-9004-exec-1] com.tkp.api.service.OrderService         : Order Service getting Response from Payment-Service : "there is a failure in payment api , order added to cart"
2021-12-20 23:45:16.828  INFO [order-service,,,] 2748 --- [PollingServerListUpdater-0] c.netflix.config.ChainedDynamicProperty  : Flipping property: PAYMENT-SERVICE.ribbon.ActiveConnectionsLimit to use NEXT property: niws.loadbalancer.availabilityFilteringRule.activeConnectionsLimit = 2147483647
2021-12-20 23:45:26.078  INFO [payment-service,24c975f3b294e2b2,24c975f3b294e2b2,true] 3032 --- [http-nio-9003-exec-2] com.tkp.api.service.PaymentService       : paymentService findPaymentHistoryByOrderId : null
2021-12-20 23:45:29.648  INFO [payment-service,75d5f3951f6c6ea8,75d5f3951f6c6ea8,true] 3032 --- [http-nio-9003-exec-3] com.tkp.api.service.PaymentService       : paymentService findPaymentHistoryByOrderId : {"paymentId":1,"paymentStatus":"false","transactionId":"248b9a3c-f59e-4f09-aa1b-bcad38731fc6","orderId":108,"amount":8000.0}
2021-12-20 23:47:57.578  INFO [DEPARTMENT-SERVICE,,,] 4764 --- [AsyncResolver-bootstrap-executor-0] c.n.d.s.r.aws.ConfigClusterResolver      : Resolving eureka endpoints via configuration
2021-12-20 23:48:01.186  INFO [USER-SERVICE,,,] 20244 --- [AsyncResolver-bootstrap-executor-0] c.n.d.s.r.aws.ConfigClusterResolver      : Resolving eureka endpoints via configuration
2021-12-20 23:48:05.555  INFO [order-service,,,] 2748 --- [AsyncResolver-bootstrap-executor-0] c.n.d.s.r.aws.ConfigClusterResolver      : Resolving eureka endpoints via configuration
2021-12-20 23:48:09.646  INFO [payment-service,,,] 3032 --- [AsyncResolver-bootstrap-executor-0] c.n.d.s.r.aws.ConfigClusterResolver      : Resolving eureka endpoints via configuration
2021-12-20 23:52:57.580  INFO [DEPARTMENT-SERVICE,,,] 4764 --- [AsyncResolver-bootstrap-executor-0] c.n.d.s.r.aws.ConfigClusterResolver      : Resolving eureka endpoints via configuration
2021-12-20 23:53:01.202  INFO [USER-SERVICE,,,] 20244 --- [AsyncResolver-bootstrap-executor-0] c.n.d.s.r.aws.ConfigClusterResolver      : Resolving eureka endpoints via configuration
2021-12-20 23:53:05.559  INFO [order-service,,,] 2748 --- [AsyncResolver-bootstrap-executor-0] c.n.d.s.r.aws.ConfigClusterResolver      : Resolving eureka endpoints via configuration
2021-12-20 23:53:09.662  INFO [payment-service,,,] 3032 --- [AsyncResolver-bootstrap-executor-0] c.n.d.s.r.aws.ConfigClusterResolver      : Resolving eureka endpoints via configuration
2021-12-20 23:57:57.595  INFO [DEPARTMENT-SERVICE,,,] 4764 --- [AsyncResolver-bootstrap-executor-0] c.n.d.s.r.aws.ConfigClusterResolver      : Resolving eureka endpoints via configuration
2021-12-20 23:58:01.211  INFO [USER-SERVICE,,,] 20244 --- [AsyncResolver-bootstrap-executor-0] c.n.d.s.r.aws.ConfigClusterResolver      : Resolving eureka endpoints via configuration
2021-12-20 23:58:05.565  INFO [order-service,,,] 2748 --- [AsyncResolver-bootstrap-executor-0] c.n.d.s.r.aws.ConfigClusterResolver      : Resolving eureka endpoints via configuration
2021-12-20 23:58:09.668  INFO [payment-service,,,] 3032 --- [AsyncResolver-bootstrap-executor-0] c.n.d.s.r.aws.ConfigClusterResolver      : Resolving eureka endpoints via configuration
2021-12-20 23:58:11.986  INFO [payment-service,745b9378f8bb98f6,745b9378f8bb98f6,true] 3032 --- [http-nio-9003-exec-5] com.tkp.api.service.PaymentService       : paymentService findPaymentHistoryByOrderId : {"paymentId":1,"paymentStatus":"false","transactionId":"248b9a3c-f59e-4f09-aa1b-bcad38731fc6","orderId":108,"amount":8000.0}
2021-12-20 23:58:14.111  INFO [payment-service,f8c138697d2a0273,f8c138697d2a0273,true] 3032 --- [http-nio-9003-exec-6] com.tkp.api.service.PaymentService       : paymentService findPaymentHistoryByOrderId : {"paymentId":1,"paymentStatus":"false","transactionId":"248b9a3c-f59e-4f09-aa1b-bcad38731fc6","orderId":108,"amount":8000.0}
2021-12-20 23:58:16.347  INFO [payment-service,460cf865c4aea8c8,460cf865c4aea8c8,true] 3032 --- [http-nio-9003-exec-7] com.tkp.api.service.PaymentService       : paymentService findPaymentHistoryByOrderId : {"paymentId":1,"paymentStatus":"false","transactionId":"248b9a3c-f59e-4f09-aa1b-bcad38731fc6","orderId":108,"amount":8000.0}
2021-12-20 23:58:29.918  INFO [order-service,ad55c6d73d17c476,ad55c6d73d17c476,true] 2748 --- [http-nio-9004-exec-8] com.tkp.api.service.OrderService         : Order-Service Request : {"order":{"id":108,"name":"Mobiule","qty":1,"price":8000.0},"payment":{"paymentId":0,"paymentStatus":null,"transactionId":null,"orderId":108,"amount":8000.0}}
2021-12-20 23:58:29.924  INFO [payment-service,ad55c6d73d17c476,0587ae5c5dd35d5c,true] 3032 --- [http-nio-9003-exec-8] com.tkp.api.service.PaymentService       : Payment-Service Request : {"paymentId":0,"paymentStatus":"success","transactionId":"5f2d7227-c585-4114-8c9b-51f0a6bdbcaa","orderId":108,"amount":8000.0}
2021-12-20 23:58:29.928  INFO [order-service,ad55c6d73d17c476,ad55c6d73d17c476,true] 2748 --- [http-nio-9004-exec-8] com.tkp.api.service.OrderService         : Order Service getting Response from Payment-Service : "payment processing successful and order placed"
2021-12-20 23:58:33.045  INFO [order-service,24d391d866dfd82b,24d391d866dfd82b,true] 2748 --- [http-nio-9004-exec-2] com.tkp.api.service.OrderService         : Order-Service Request : {"order":{"id":108,"name":"Mobiule","qty":1,"price":8000.0},"payment":{"paymentId":0,"paymentStatus":null,"transactionId":null,"orderId":108,"amount":8000.0}}
2021-12-20 23:58:33.065  INFO [payment-service,24d391d866dfd82b,57b594b21372684e,true] 3032 --- [http-nio-9003-exec-10] com.tkp.api.service.PaymentService       : Payment-Service Request : {"paymentId":0,"paymentStatus":"success","transactionId":"357c0609-b473-4b9c-9c1e-31c39a240594","orderId":108,"amount":8000.0}
2021-12-20 23:58:33.068  INFO [order-service,24d391d866dfd82b,24d391d866dfd82b,true] 2748 --- [http-nio-9004-exec-2] com.tkp.api.service.OrderService         : Order Service getting Response from Payment-Service : "payment processing successful and order placed"
2021-12-20 23:58:35.774  INFO [order-service,1053d11a29c918da,1053d11a29c918da,true] 2748 --- [http-nio-9004-exec-3] com.tkp.api.service.OrderService         : Order-Service Request : {"order":{"id":108,"name":"Mobiule","qty":1,"price":8000.0},"payment":{"paymentId":0,"paymentStatus":null,"transactionId":null,"orderId":108,"amount":8000.0}}
2021-12-20 23:58:35.782  INFO [payment-service,1053d11a29c918da,baaf24fc36014554,true] 3032 --- [http-nio-9003-exec-9] com.tkp.api.service.PaymentService       : Payment-Service Request : {"paymentId":0,"paymentStatus":"false","transactionId":"93b679a0-8fcc-47e0-b83b-6bd20ad43c94","orderId":108,"amount":8000.0}
2021-12-20 23:58:35.788  INFO [order-service,1053d11a29c918da,1053d11a29c918da,true] 2748 --- [http-nio-9004-exec-3] com.tkp.api.service.OrderService         : Order Service getting Response from Payment-Service : "there is a failure in payment api , order added to cart"
2021-12-21 00:00:20.121  INFO [USER-SERVICE,548df28b7358a54f,548df28b7358a54f,true] 20244 --- [http-nio-9002-exec-3] com.tkp.user.controller.UserController   : Inside getUserWithDepartment of UserController
2021-12-21 00:00:20.130  INFO [USER-SERVICE,548df28b7358a54f,548df28b7358a54f,true] 20244 --- [http-nio-9002-exec-3] com.tkp.user.service.UserService         : Inside getUserWithDepartment of UserService
2021-12-21 00:00:20.349  INFO [USER-SERVICE,548df28b7358a54f,a3c8b08f1ab573d8,true] 20244 --- [http-nio-9002-exec-3] c.netflix.config.ChainedDynamicProperty  : Flipping property: DEPARTMENT-SERVICE.ribbon.ActiveConnectionsLimit to use NEXT property: niws.loadbalancer.availabilityFilteringRule.activeConnectionsLimit = 2147483647
2021-12-21 00:00:20.394  INFO [USER-SERVICE,548df28b7358a54f,a3c8b08f1ab573d8,true] 20244 --- [http-nio-9002-exec-3] c.n.u.concurrent.ShutdownEnabledTimer    : Shutdown hook installed for: NFLoadBalancer-PingTimer-DEPARTMENT-SERVICE
2021-12-21 00:00:20.394  INFO [USER-SERVICE,548df28b7358a54f,a3c8b08f1ab573d8,true] 20244 --- [http-nio-9002-exec-3] c.netflix.loadbalancer.BaseLoadBalancer  : Client: DEPARTMENT-SERVICE instantiated a LoadBalancer: DynamicServerListLoadBalancer:{NFLoadBalancer:name=DEPARTMENT-SERVICE,current list of Servers=[],Load balancer stats=Zone stats: {},Server stats: []}ServerList:null
2021-12-21 00:00:20.405  INFO [USER-SERVICE,548df28b7358a54f,a3c8b08f1ab573d8,true] 20244 --- [http-nio-9002-exec-3] c.n.l.DynamicServerListLoadBalancer      : Using serverListUpdater PollingServerListUpdater
2021-12-21 00:00:20.442  INFO [USER-SERVICE,548df28b7358a54f,a3c8b08f1ab573d8,true] 20244 --- [http-nio-9002-exec-3] c.netflix.config.ChainedDynamicProperty  : Flipping property: DEPARTMENT-SERVICE.ribbon.ActiveConnectionsLimit to use NEXT property: niws.loadbalancer.availabilityFilteringRule.activeConnectionsLimit = 2147483647
2021-12-21 00:00:20.444  INFO [USER-SERVICE,548df28b7358a54f,a3c8b08f1ab573d8,true] 20244 --- [http-nio-9002-exec-3] c.n.l.DynamicServerListLoadBalancer      : DynamicServerListLoadBalancer for client DEPARTMENT-SERVICE initialized: DynamicServerListLoadBalancer:{NFLoadBalancer:name=DEPARTMENT-SERVICE,current list of Servers=[localhost:9001],Load balancer stats=Zone stats: {defaultzone=[Zone:defaultzone;	Instance count:1;	Active connections count: 0;	Circuit breaker tripped count: 0;	Active connections per server: 0.0;]
},Server stats: [[Server:localhost:9001;	Zone:defaultZone;	Total Requests:0;	Successive connection failure:0;	Total blackout seconds:0;	Last connection made:Wed Dec 31 18:00:00 CST 1969;	First connection made: Wed Dec 31 18:00:00 CST 1969;	Active Connections:0;	total failure count in last (1000) msecs:0;	average resp time:0.0;	90 percentile resp time:0.0;	95 percentile resp time:0.0;	min resp time:0.0;	max resp time:0.0;	stddev resp time:0.0]
]}ServerList:org.springframework.cloud.netflix.ribbon.eureka.DomainExtractingServerList@42085f9b
2021-12-21 00:00:20.461  INFO [USER-SERVICE,548df28b7358a54f,a3c8b08f1ab573d8,true] 20244 --- [http-nio-9002-exec-3] DeferredRepositoryInitializationListener : Triggering deferred initialization of Spring Data repositories…
2021-12-21 00:00:20.461  INFO [USER-SERVICE,548df28b7358a54f,a3c8b08f1ab573d8,true] 20244 --- [http-nio-9002-exec-3] DeferredRepositoryInitializationListener : Spring Data repositories initialized!
